# JRE version: OpenJDK Runtime Environment (17.0.6) (build 17.0.6+0-b2043.56-10027231)
# Java VM: OpenJDK 64-Bit Server VM (17.0.6+0-b2043.56-10027231, mixed mode, tiered, compressed oops, compressed class ptrs, g1 gc, windows-amd64)
GC Precious Log:
 CPUs: 8 total, 8 available
 Memory: 7123M
 Large Page Support: Disabled
 NUMA Support: Disabled
 Compressed Oops: Enabled (32-bit)
 Heap Region Size: 1M
 Heap Min Capacity: 8M
 Heap Initial Capacity: 112M
 Heap Max Capacity: 2G
 Pre-touch: Disabled
 Parallel Workers: 8
 Concurrent Workers: 2
 Concurrent Refinement Workers: 8
 Periodic GC: Disabled
Heap:
 garbage-first heap   total 429056K, used 252928K [0x0000000080000000, 0x0000000100000000)
  region size 1024K, 3 young (3072K), 3 survivors (3072K)
 Metaspace       used 138440K, committed 139648K, reserved 1171456K
  class space    used 18424K, committed 18944K, reserved 1048576K
GC Heap History (20 events):
Event: 3106.927 GC heap after
{Heap after GC invocations=49 (full 0):
 garbage-first heap   total 268288K, used 187053K [0x0000000080000000, 0x0000000100000000)
  region size 1024K, 6 young (6144K), 6 survivors (6144K)
 Metaspace       used 135754K, committed 136640K, reserved 1171456K
  class space    used 18204K, committed 18624K, reserved 1048576K
}
Event: 3107.104 GC heap before
{Heap before GC invocations=49 (full 0):
 garbage-first heap   total 268288K, used 223917K [0x0000000080000000, 0x0000000100000000)
  region size 1024K, 42 young (43008K), 6 survivors (6144K)
 Metaspace       used 135910K, committed 136832K, reserved 1171456K
  class space    used 18205K, committed 18624K, reserved 1048576K
}
Event: 3107.111 GC heap after
{Heap after GC invocations=50 (full 0):
 garbage-first heap   total 268288K, used 188215K [0x0000000080000000, 0x0000000100000000)
  region size 1024K, 2 young (2048K), 2 survivors (2048K)
 Metaspace       used 135910K, committed 136832K, reserved 1171456K
  class space    used 18205K, committed 18624K, reserved 1048576K
}
Event: 3107.321 GC heap before
{Heap before GC invocations=50 (full 0):
 garbage-first heap   total 268288K, used 225079K [0x0000000080000000, 0x0000000100000000)
  region size 1024K, 39 young (39936K), 2 survivors (2048K)
 Metaspace       used 136032K, committed 136896K, reserved 1171456K
  class space    used 18210K, committed 18624K, reserved 1048576K
}
Event: 3107.325 GC heap after
{Heap after GC invocations=51 (full 0):
 garbage-first heap   total 268288K, used 189479K [0x0000000080000000, 0x0000000100000000)
  region size 1024K, 4 young (4096K), 4 survivors (4096K)
 Metaspace       used 136032K, committed 136896K, reserved 1171456K
  class space    used 18210K, committed 18624K, reserved 1048576K
}
Event: 3107.625 GC heap before
{Heap before GC invocations=51 (full 0):
 garbage-first heap   total 268288K, used 227367K [0x0000000080000000, 0x0000000100000000)
  region size 1024K, 41 young (41984K), 4 survivors (4096K)
 Metaspace       used 136717K, committed 137600K, reserved 1171456K
  class space    used 18262K, committed 18688K, reserved 1048576K
}
Event: 3107.632 GC heap after
{Heap after GC invocations=52 (full 0):
 garbage-first heap   total 322560K, used 190286K [0x0000000080000000, 0x0000000100000000)
  region size 1024K, 3 young (3072K), 3 survivors (3072K)
 Metaspace       used 136717K, committed 137600K, reserved 1171456K
  class space    used 18262K, committed 18688K, reserved 1048576K
}
Event: 3108.784 GC heap before
{Heap before GC invocations=52 (full 0):
 garbage-first heap   total 322560K, used 264014K [0x0000000080000000, 0x0000000100000000)
  region size 1024K, 76 young (77824K), 3 survivors (3072K)
 Metaspace       used 138698K, committed 139648K, reserved 1171456K
  class space    used 18489K, committed 18944K, reserved 1048576K
}
Event: 3108.794 GC heap after
{Heap after GC invocations=53 (full 0):
 garbage-first heap   total 322560K, used 195995K [0x0000000080000000, 0x0000000100000000)
  region size 1024K, 9 young (9216K), 9 survivors (9216K)
 Metaspace       used 138698K, committed 139648K, reserved 1171456K
  class space    used 18489K, committed 18944K, reserved 1048576K
}
Event: 3109.040 GC heap before
{Heap before GC invocations=53 (full 0):
 garbage-first heap   total 322560K, used 252315K [0x0000000080000000, 0x0000000100000000)
  region size 1024K, 40 young (40960K), 9 survivors (9216K)
 Metaspace       used 138721K, committed 139648K, reserved 1171456K
  class space    used 18490K, committed 18944K, reserved 1048576K
}
Event: 3109.056 GC heap after
{Heap after GC invocations=54 (full 0):
 garbage-first heap   total 322560K, used 229281K [0x0000000080000000, 0x0000000100000000)
  region size 1024K, 10 young (10240K), 10 survivors (10240K)
 Metaspace       used 138721K, committed 139648K, reserved 1171456K
  class space    used 18490K, committed 18944K, reserved 1048576K
}
Event: 3109.157 GC heap before
{Heap before GC invocations=54 (full 0):
 garbage-first heap   total 322560K, used 303009K [0x0000000080000000, 0x0000000100000000)
  region size 1024K, 36 young (36864K), 10 survivors (10240K)
 Metaspace       used 138726K, committed 139648K, reserved 1171456K
  class space    used 18490K, committed 18944K, reserved 1048576K
}
Event: 3109.166 GC heap after
{Heap after GC invocations=55 (full 0):
 garbage-first heap   total 325632K, used 258350K [0x0000000080000000, 0x0000000100000000)
  region size 1024K, 7 young (7168K), 7 survivors (7168K)
 Metaspace       used 138726K, committed 139648K, reserved 1171456K
  class space    used 18490K, committed 18944K, reserved 1048576K
}
Event: 3109.285 GC heap before
{Heap before GC invocations=55 (full 0):
 garbage-first heap   total 325632K, used 276782K [0x0000000080000000, 0x0000000100000000)
  region size 1024K, 26 young (26624K), 7 survivors (7168K)
 Metaspace       used 138730K, committed 139648K, reserved 1171456K
  class space    used 18490K, committed 18944K, reserved 1048576K
}
Event: 3109.296 GC heap after
{Heap after GC invocations=56 (full 0):
 garbage-first heap   total 325632K, used 264892K [0x0000000080000000, 0x0000000100000000)
  region size 1024K, 4 young (4096K), 4 survivors (4096K)
 Metaspace       used 138730K, committed 139648K, reserved 1171456K
  class space    used 18490K, committed 18944K, reserved 1048576K
}
Event: 3109.474 GC heap before
{Heap before GC invocations=56 (full 0):
 garbage-first heap   total 429056K, used 263868K [0x0000000080000000, 0x0000000100000000)
  region size 1024K, 19 young (19456K), 4 survivors (4096K)
 Metaspace       used 138440K, committed 139648K, reserved 1171456K
  class space    used 18424K, committed 18944K, reserved 1048576K
}
Event: 3109.490 GC heap after
{Heap after GC invocations=57 (full 0):
 garbage-first heap   total 429056K, used 255669K [0x0000000080000000, 0x0000000100000000)
  region size 1024K, 3 young (3072K), 3 survivors (3072K)
 Metaspace       used 138440K, committed 139648K, reserved 1171456K
  class space    used 18424K, committed 18944K, reserved 1048576K
}
Event: 3109.963 GC heap before
{Heap before GC invocations=58 (full 0):
 garbage-first heap   total 429056K, used 349877K [0x0000000080000000, 0x0000000100000000)
  region size 1024K, 90 young (92160K), 3 survivors (3072K)
 Metaspace       used 138440K, committed 139648K, reserved 1171456K
  class space    used 18424K, committed 18944K, reserved 1048576K
}
Event: 3109.998 GC heap after
{Heap after GC invocations=59 (full 0):
 garbage-first heap   total 429056K, used 287480K [0x0000000080000000, 0x0000000100000000)
  region size 1024K, 12 young (12288K), 12 survivors (12288K)
 Metaspace       used 138440K, committed 139648K, reserved 1171456K
  class space    used 18424K, committed 18944K, reserved 1048576K
}
Event: 3110.032 GC heap before
{Heap before GC invocations=59 (full 0):
 garbage-first heap   total 429056K, used 295672K [0x0000000080000000, 0x0000000100000000)
  region size 1024K, 20 young (20480K), 12 survivors (12288K)
 Metaspace       used 138440K, committed 139648K, reserved 1171456K
  class space    used 18424K, committed 18944K, reserved 1048576K
}

