# JRE version: OpenJDK Runtime Environment (17.0.6) (build 17.0.6+0-b2043.56-10027231)
# Java VM: OpenJDK 64-Bit Server VM (17.0.6+0-b2043.56-10027231, mixed mode, tiered, compressed oops, compressed class ptrs, g1 gc, windows-amd64)
GC Precious Log:
 CPUs: 8 total, 8 available
 Memory: 7123M
 Large Page Support: Disabled
 NUMA Support: Disabled
 Compressed Oops: Enabled (32-bit)
 Heap Region Size: 1M
 Heap Min Capacity: 8M
 Heap Initial Capacity: 112M
 Heap Max Capacity: 2G
 Pre-touch: Disabled
 Parallel Workers: 8
 Concurrent Workers: 2
 Concurrent Refinement Workers: 8
 Periodic GC: Disabled
Heap:
 garbage-first heap   total 294912K, used 124119K [0x0000000080000000, 0x0000000100000000)
  region size 1024K, 5 young (5120K), 5 survivors (5120K)
 Metaspace       used 137704K, committed 139072K, reserved 1171456K
  class space    used 18913K, committed 19520K, reserved 1048576K
GC Heap History (20 events):
Event: 1509.166 GC heap after
{Heap after GC invocations=70 (full 0):
 garbage-first heap   total 294912K, used 129941K [0x0000000080000000, 0x0000000100000000)
  region size 1024K, 1 young (1024K), 1 survivors (1024K)
 Metaspace       used 136307K, committed 137280K, reserved 1171456K
  class space    used 18730K, committed 19200K, reserved 1048576K
}
Event: 1509.308 GC heap before
{Heap before GC invocations=70 (full 0):
 garbage-first heap   total 294912K, used 144277K [0x0000000080000000, 0x0000000100000000)
  region size 1024K, 17 young (17408K), 1 survivors (1024K)
 Metaspace       used 136337K, committed 137344K, reserved 1171456K
  class space    used 18731K, committed 19200K, reserved 1048576K
}
Event: 1509.311 GC heap after
{Heap after GC invocations=71 (full 0):
 garbage-first heap   total 294912K, used 130334K [0x0000000080000000, 0x0000000100000000)
  region size 1024K, 2 young (2048K), 2 survivors (2048K)
 Metaspace       used 136337K, committed 137344K, reserved 1171456K
  class space    used 18731K, committed 19200K, reserved 1048576K
}
Event: 1596.470 GC heap before
{Heap before GC invocations=72 (full 0):
 garbage-first heap   total 294912K, used 263454K [0x0000000080000000, 0x0000000100000000)
  region size 1024K, 111 young (113664K), 2 survivors (2048K)
 Metaspace       used 136546K, committed 137664K, reserved 1171456K
  class space    used 18735K, committed 19264K, reserved 1048576K
}
Event: 1596.476 GC heap after
{Heap after GC invocations=73 (full 0):
 garbage-first heap   total 294912K, used 131748K [0x0000000080000000, 0x0000000100000000)
  region size 1024K, 3 young (3072K), 3 survivors (3072K)
 Metaspace       used 136546K, committed 137664K, reserved 1171456K
  class space    used 18735K, committed 19264K, reserved 1048576K
}
Event: 1596.653 GC heap before
{Heap before GC invocations=73 (full 0):
 garbage-first heap   total 294912K, used 141988K [0x0000000080000000, 0x0000000100000000)
  region size 1024K, 14 young (14336K), 3 survivors (3072K)
 Metaspace       used 136631K, committed 137728K, reserved 1171456K
  class space    used 18750K, committed 19264K, reserved 1048576K
}
Event: 1596.664 GC heap after
{Heap after GC invocations=74 (full 0):
 garbage-first heap   total 294912K, used 122953K [0x0000000080000000, 0x0000000100000000)
  region size 1024K, 1 young (1024K), 1 survivors (1024K)
 Metaspace       used 136631K, committed 137728K, reserved 1171456K
  class space    used 18750K, committed 19264K, reserved 1048576K
}
Event: 1597.269 GC heap before
{Heap before GC invocations=74 (full 0):
 garbage-first heap   total 294912K, used 150601K [0x0000000080000000, 0x0000000100000000)
  region size 1024K, 30 young (30720K), 1 survivors (1024K)
 Metaspace       used 136875K, committed 137984K, reserved 1171456K
  class space    used 18794K, committed 19328K, reserved 1048576K
}
Event: 1597.277 GC heap after
{Heap after GC invocations=75 (full 0):
 garbage-first heap   total 294912K, used 127308K [0x0000000080000000, 0x0000000100000000)
  region size 1024K, 6 young (6144K), 6 survivors (6144K)
 Metaspace       used 136875K, committed 137984K, reserved 1171456K
  class space    used 18794K, committed 19328K, reserved 1048576K
}
Event: 1599.205 GC heap before
{Heap before GC invocations=76 (full 0):
 garbage-first heap   total 294912K, used 253260K [0x0000000080000000, 0x0000000100000000)
  region size 1024K, 110 young (112640K), 6 survivors (6144K)
 Metaspace       used 137317K, committed 138560K, reserved 1171456K
  class space    used 18871K, committed 19456K, reserved 1048576K
}
Event: 1599.219 GC heap after
{Heap after GC invocations=77 (full 0):
 garbage-first heap   total 294912K, used 135228K [0x0000000080000000, 0x0000000100000000)
  region size 1024K, 13 young (13312K), 13 survivors (13312K)
 Metaspace       used 137317K, committed 138560K, reserved 1171456K
  class space    used 18871K, committed 19456K, reserved 1048576K
}
Event: 1599.223 GC heap before
{Heap before GC invocations=77 (full 0):
 garbage-first heap   total 294912K, used 136252K [0x0000000080000000, 0x0000000100000000)
  region size 1024K, 14 young (14336K), 13 survivors (13312K)
 Metaspace       used 137317K, committed 138560K, reserved 1171456K
  class space    used 18871K, committed 19456K, reserved 1048576K
}
Event: 1599.239 GC heap after
{Heap after GC invocations=78 (full 0):
 garbage-first heap   total 294912K, used 121568K [0x0000000080000000, 0x0000000100000000)
  region size 1024K, 1 young (1024K), 1 survivors (1024K)
 Metaspace       used 137317K, committed 138560K, reserved 1171456K
  class space    used 18871K, committed 19456K, reserved 1048576K
}
Event: 1599.410 GC heap before
{Heap before GC invocations=78 (full 0):
 garbage-first heap   total 294912K, used 133856K [0x0000000080000000, 0x0000000100000000)
  region size 1024K, 15 young (15360K), 1 survivors (1024K)
 Metaspace       used 137463K, committed 138816K, reserved 1171456K
  class space    used 18910K, committed 19520K, reserved 1048576K
}
Event: 1599.414 GC heap after
{Heap after GC invocations=79 (full 0):
 garbage-first heap   total 294912K, used 121901K [0x0000000080000000, 0x0000000100000000)
  region size 1024K, 2 young (2048K), 2 survivors (2048K)
 Metaspace       used 137463K, committed 138816K, reserved 1171456K
  class space    used 18910K, committed 19520K, reserved 1048576K
}
Event: 1685.450 GC heap before
{Heap before GC invocations=80 (full 0):
 garbage-first heap   total 294912K, used 258381K [0x0000000080000000, 0x0000000100000000)
  region size 1024K, 116 young (118784K), 2 survivors (2048K)
 Metaspace       used 137611K, committed 138944K, reserved 1171456K
  class space    used 18913K, committed 19520K, reserved 1048576K
}
Event: 1685.455 GC heap after
{Heap after GC invocations=81 (full 0):
 garbage-first heap   total 294912K, used 122819K [0x0000000080000000, 0x0000000100000000)
  region size 1024K, 3 young (3072K), 3 survivors (3072K)
 Metaspace       used 137611K, committed 138944K, reserved 1171456K
  class space    used 18913K, committed 19520K, reserved 1048576K
}
Event: 1685.685 GC heap before
{Heap before GC invocations=81 (full 0):
 garbage-first heap   total 294912K, used 134083K [0x0000000080000000, 0x0000000100000000)
  region size 1024K, 14 young (14336K), 3 survivors (3072K)
 Metaspace       used 137627K, committed 138944K, reserved 1171456K
  class space    used 18913K, committed 19520K, reserved 1048576K
}
Event: 1685.696 GC heap after
{Heap after GC invocations=82 (full 0):
 garbage-first heap   total 294912K, used 120901K [0x0000000080000000, 0x0000000100000000)
  region size 1024K, 2 young (2048K), 2 survivors (2048K)
 Metaspace       used 137627K, committed 138944K, reserved 1171456K
  class space    used 18913K, committed 19520K, reserved 1048576K
}
Event: 1686.099 GC heap before
{Heap before GC invocations=82 (full 0):
 garbage-first heap   total 294912K, used 143429K [0x0000000080000000, 0x0000000100000000)
  region size 1024K, 26 young (26624K), 2 survivors (2048K)
 Metaspace       used 137704K, committed 139072K, reserved 1171456K
  class space    used 18913K, committed 19520K, reserved 1048576K
}

