# JRE version: OpenJDK Runtime Environment (17.0.6) (build 17.0.6+0-b2043.56-10027231)
# Java VM: OpenJDK 64-Bit Server VM (17.0.6+0-b2043.56-10027231, mixed mode, tiered, compressed oops, compressed class ptrs, g1 gc, windows-amd64)
GC Precious Log:
 CPUs: 8 total, 8 available
 Memory: 7123M
 Large Page Support: Disabled
 NUMA Support: Disabled
 Compressed Oops: Enabled (32-bit)
 Heap Region Size: 1M
 Heap Min Capacity: 8M
 Heap Initial Capacity: 112M
 Heap Max Capacity: 2G
 Pre-touch: Disabled
 Parallel Workers: 8
 Concurrent Workers: 2
 Concurrent Refinement Workers: 8
 Periodic GC: Disabled
Heap:
 garbage-first heap   total 461824K, used 334129K [0x0000000080000000, 0x0000000100000000)
  region size 1024K, 5 young (5120K), 5 survivors (5120K)
 Metaspace       used 105975K, committed 106688K, reserved 1146880K
  class space    used 14619K, committed 14976K, reserved 1048576K
GC Heap History (20 events):
Event: 18.222 GC heap after
{Heap after GC invocations=49 (full 0):
 garbage-first heap   total 305152K, used 82148K [0x0000000080000000, 0x0000000100000000)
  region size 1024K, 1 young (1024K), 1 survivors (1024K)
 Metaspace       used 90374K, committed 91072K, reserved 1130496K
  class space    used 12453K, committed 12800K, reserved 1048576K
}
Event: 20.047 GC heap before
{Heap before GC invocations=49 (full 0):
 garbage-first heap   total 305152K, used 224484K [0x0000000080000000, 0x0000000100000000)
  region size 1024K, 140 young (143360K), 1 survivors (1024K)
 Metaspace       used 93529K, committed 94144K, reserved 1130496K
  class space    used 12761K, committed 13056K, reserved 1048576K
}
Event: 20.061 GC heap after
{Heap after GC invocations=50 (full 0):
 garbage-first heap   total 305152K, used 94174K [0x0000000080000000, 0x0000000100000000)
  region size 1024K, 13 young (13312K), 13 survivors (13312K)
 Metaspace       used 93529K, committed 94144K, reserved 1130496K
  class space    used 12761K, committed 13056K, reserved 1048576K
}
Event: 21.209 GC heap before
{Heap before GC invocations=50 (full 0):
 garbage-first heap   total 305152K, used 247774K [0x0000000080000000, 0x0000000100000000)
  region size 1024K, 143 young (146432K), 13 survivors (13312K)
 Metaspace       used 96544K, committed 97216K, reserved 1138688K
  class space    used 13163K, committed 13440K, reserved 1048576K
}
Event: 21.239 GC heap after
{Heap after GC invocations=51 (full 0):
 garbage-first heap   total 305152K, used 133488K [0x0000000080000000, 0x0000000100000000)
  region size 1024K, 18 young (18432K), 18 survivors (18432K)
 Metaspace       used 96544K, committed 97216K, reserved 1138688K
  class space    used 13163K, committed 13440K, reserved 1048576K
}
Event: 21.505 GC heap before
{Heap before GC invocations=51 (full 0):
 garbage-first heap   total 305152K, used 226672K [0x0000000080000000, 0x0000000100000000)
  region size 1024K, 70 young (71680K), 18 survivors (18432K)
 Metaspace       used 98120K, committed 98816K, reserved 1138688K
  class space    used 13386K, committed 13696K, reserved 1048576K
}
Event: 21.520 GC heap after
{Heap after GC invocations=52 (full 0):
 garbage-first heap   total 305152K, used 164410K [0x0000000080000000, 0x0000000100000000)
  region size 1024K, 12 young (12288K), 12 survivors (12288K)
 Metaspace       used 98120K, committed 98816K, reserved 1138688K
  class space    used 13386K, committed 13696K, reserved 1048576K
}
Event: 21.894 GC heap before
{Heap before GC invocations=52 (full 0):
 garbage-first heap   total 305152K, used 251450K [0x0000000080000000, 0x0000000100000000)
  region size 1024K, 86 young (88064K), 12 survivors (12288K)
 Metaspace       used 99076K, committed 99840K, reserved 1138688K
  class space    used 13519K, committed 13888K, reserved 1048576K
}
Event: 21.913 GC heap after
{Heap after GC invocations=53 (full 0):
 garbage-first heap   total 305152K, used 182108K [0x0000000080000000, 0x0000000100000000)
  region size 1024K, 11 young (11264K), 11 survivors (11264K)
 Metaspace       used 99076K, committed 99840K, reserved 1138688K
  class space    used 13519K, committed 13888K, reserved 1048576K
}
Event: 22.202 GC heap before
{Heap before GC invocations=53 (full 0):
 garbage-first heap   total 305152K, used 247644K [0x0000000080000000, 0x0000000100000000)
  region size 1024K, 72 young (73728K), 11 survivors (11264K)
 Metaspace       used 99207K, committed 99904K, reserved 1138688K
  class space    used 13529K, committed 13888K, reserved 1048576K
}
Event: 22.233 GC heap after
{Heap after GC invocations=54 (full 0):
 garbage-first heap   total 461824K, used 193462K [0x0000000080000000, 0x0000000100000000)
  region size 1024K, 9 young (9216K), 9 survivors (9216K)
 Metaspace       used 99207K, committed 99904K, reserved 1138688K
  class space    used 13529K, committed 13888K, reserved 1048576K
}
Event: 23.493 GC heap before
{Heap before GC invocations=55 (full 0):
 garbage-first heap   total 461824K, used 356278K [0x0000000080000000, 0x0000000100000000)
  region size 1024K, 165 young (168960K), 9 survivors (9216K)
 Metaspace       used 102095K, committed 102848K, reserved 1138688K
  class space    used 14111K, committed 14464K, reserved 1048576K
}
Event: 23.584 GC heap after
{Heap after GC invocations=56 (full 0):
 garbage-first heap   total 461824K, used 265673K [0x0000000080000000, 0x0000000100000000)
  region size 1024K, 21 young (21504K), 21 survivors (21504K)
 Metaspace       used 102095K, committed 102848K, reserved 1138688K
  class space    used 14111K, committed 14464K, reserved 1048576K
}
Event: 23.617 GC heap before
{Heap before GC invocations=56 (full 0):
 garbage-first heap   total 461824K, used 266697K [0x0000000080000000, 0x0000000100000000)
  region size 1024K, 22 young (22528K), 21 survivors (21504K)
 Metaspace       used 102095K, committed 102848K, reserved 1138688K
  class space    used 14111K, committed 14464K, reserved 1048576K
}
Event: 23.660 GC heap after
{Heap after GC invocations=57 (full 0):
 garbage-first heap   total 461824K, used 268181K [0x0000000080000000, 0x0000000100000000)
  region size 1024K, 3 young (3072K), 3 survivors (3072K)
 Metaspace       used 102095K, committed 102848K, reserved 1138688K
  class space    used 14111K, committed 14464K, reserved 1048576K
}
Event: 23.802 GC heap before
{Heap before GC invocations=57 (full 0):
 garbage-first heap   total 461824K, used 350101K [0x0000000080000000, 0x0000000100000000)
  region size 1024K, 84 young (86016K), 3 survivors (3072K)
 Metaspace       used 102184K, committed 102912K, reserved 1138688K
  class space    used 14115K, committed 14464K, reserved 1048576K
}
Event: 23.836 GC heap after
{Heap after GC invocations=58 (full 0):
 garbage-first heap   total 461824K, used 308736K [0x0000000080000000, 0x0000000100000000)
  region size 1024K, 11 young (11264K), 11 survivors (11264K)
 Metaspace       used 102184K, committed 102912K, reserved 1138688K
  class space    used 14115K, committed 14464K, reserved 1048576K
}
Event: 24.265 GC heap before
{Heap before GC invocations=58 (full 0):
 garbage-first heap   total 461824K, used 360960K [0x0000000080000000, 0x0000000100000000)
  region size 1024K, 63 young (64512K), 11 survivors (11264K)
 Metaspace       used 104076K, committed 104832K, reserved 1146880K
  class space    used 14390K, committed 14784K, reserved 1048576K
}
Event: 24.298 GC heap after
{Heap after GC invocations=59 (full 0):
 garbage-first heap   total 461824K, used 327168K [0x0000000080000000, 0x0000000100000000)
  region size 1024K, 8 young (8192K), 8 survivors (8192K)
 Metaspace       used 104076K, committed 104832K, reserved 1146880K
  class space    used 14390K, committed 14784K, reserved 1048576K
}
Event: 24.726 GC heap before
{Heap before GC invocations=59 (full 0):
 garbage-first heap   total 461824K, used 371200K [0x0000000080000000, 0x0000000100000000)
  region size 1024K, 52 young (53248K), 8 survivors (8192K)
 Metaspace       used 105975K, committed 106688K, reserved 1146880K
  class space    used 14619K, committed 14976K, reserved 1048576K
}

