# JRE version: OpenJDK Runtime Environment (17.0.6) (build 17.0.6+0-b2043.56-10027231)
# Java VM: OpenJDK 64-Bit Server VM (17.0.6+0-b2043.56-10027231, mixed mode, tiered, compressed oops, compressed class ptrs, g1 gc, windows-amd64)
GC Precious Log:
 CPUs: 8 total, 8 available
 Memory: 7123M
 Large Page Support: Disabled
 NUMA Support: Disabled
 Compressed Oops: Enabled (32-bit)
 Heap Region Size: 1M
 Heap Min Capacity: 8M
 Heap Initial Capacity: 112M
 Heap Max Capacity: 2G
 Pre-touch: Disabled
 Parallel Workers: 8
 Concurrent Workers: 2
 Concurrent Refinement Workers: 8
 Periodic GC: Disabled
Heap:
 garbage-first heap   total 368640K, used 312738K [0x0000000080000000, 0x0000000100000000)
  region size 1024K, 1 young (1024K), 1 survivors (1024K)
 Metaspace       used 134903K, committed 136256K, reserved 1171456K
  class space    used 17809K, committed 18432K, reserved 1048576K
GC Heap History (20 events):
Event: 2141.810 GC heap after
{Heap after GC invocations=68 (full 0):
 garbage-first heap   total 368640K, used 239817K [0x0000000080000000, 0x0000000100000000)
  region size 1024K, 11 young (11264K), 11 survivors (11264K)
 Metaspace       used 134536K, committed 135872K, reserved 1171456K
  class space    used 17808K, committed 18432K, reserved 1048576K
}
Event: 2224.710 GC heap before
{Heap before GC invocations=68 (full 0):
 garbage-first heap   total 368640K, used 322761K [0x0000000080000000, 0x0000000100000000)
  region size 1024K, 68 young (69632K), 11 survivors (11264K)
 Metaspace       used 134580K, committed 135872K, reserved 1171456K
  class space    used 17808K, committed 18432K, reserved 1048576K
}
Event: 2224.722 GC heap after
{Heap after GC invocations=69 (full 0):
 garbage-first heap   total 368640K, used 242332K [0x0000000080000000, 0x0000000100000000)
  region size 1024K, 3 young (3072K), 3 survivors (3072K)
 Metaspace       used 134580K, committed 135872K, reserved 1171456K
  class space    used 17808K, committed 18432K, reserved 1048576K
}
Event: 2225.561 GC heap before
{Heap before GC invocations=69 (full 0):
 garbage-first heap   total 368640K, used 304796K [0x0000000080000000, 0x0000000100000000)
  region size 1024K, 62 young (63488K), 3 survivors (3072K)
 Metaspace       used 134696K, committed 136000K, reserved 1171456K
  class space    used 17808K, committed 18432K, reserved 1048576K
}
Event: 2225.581 GC heap after
{Heap after GC invocations=70 (full 0):
 garbage-first heap   total 368640K, used 256000K [0x0000000080000000, 0x0000000100000000)
  region size 1024K, 8 young (8192K), 8 survivors (8192K)
 Metaspace       used 134696K, committed 136000K, reserved 1171456K
  class space    used 17808K, committed 18432K, reserved 1048576K
}
Event: 2226.025 GC heap before
{Heap before GC invocations=70 (full 0):
 garbage-first heap   total 368640K, used 330752K [0x0000000080000000, 0x0000000100000000)
  region size 1024K, 54 young (55296K), 8 survivors (8192K)
 Metaspace       used 134766K, committed 136064K, reserved 1171456K
  class space    used 17808K, committed 18432K, reserved 1048576K
}
Event: 2226.043 GC heap after
{Heap after GC invocations=71 (full 0):
 garbage-first heap   total 368640K, used 263744K [0x0000000080000000, 0x0000000100000000)
  region size 1024K, 7 young (7168K), 7 survivors (7168K)
 Metaspace       used 134766K, committed 136064K, reserved 1171456K
  class space    used 17808K, committed 18432K, reserved 1048576K
}
Event: 2228.227 GC heap before
{Heap before GC invocations=71 (full 0):
 garbage-first heap   total 368640K, used 303680K [0x0000000080000000, 0x0000000100000000)
  region size 1024K, 47 young (48128K), 7 survivors (7168K)
 Metaspace       used 134801K, committed 136128K, reserved 1171456K
  class space    used 17809K, committed 18432K, reserved 1048576K
}
Event: 2228.242 GC heap after
{Heap after GC invocations=72 (full 0):
 garbage-first heap   total 368640K, used 270728K [0x0000000080000000, 0x0000000100000000)
  region size 1024K, 6 young (6144K), 6 survivors (6144K)
 Metaspace       used 134801K, committed 136128K, reserved 1171456K
  class space    used 17809K, committed 18432K, reserved 1048576K
}
Event: 2272.717 GC heap before
{Heap before GC invocations=72 (full 0):
 garbage-first heap   total 368640K, used 333192K [0x0000000080000000, 0x0000000100000000)
  region size 1024K, 43 young (44032K), 6 survivors (6144K)
 Metaspace       used 134826K, committed 136128K, reserved 1171456K
  class space    used 17809K, committed 18432K, reserved 1048576K
}
Event: 2272.722 GC heap after
{Heap after GC invocations=73 (full 0):
 garbage-first heap   total 368640K, used 268329K [0x0000000080000000, 0x0000000100000000)
  region size 1024K, 2 young (2048K), 2 survivors (2048K)
 Metaspace       used 134826K, committed 136128K, reserved 1171456K
  class space    used 17809K, committed 18432K, reserved 1048576K
}
Event: 2316.206 GC heap before
{Heap before GC invocations=73 (full 0):
 garbage-first heap   total 368640K, used 310313K [0x0000000080000000, 0x0000000100000000)
  region size 1024K, 44 young (45056K), 2 survivors (2048K)
 Metaspace       used 134859K, committed 136128K, reserved 1171456K
  class space    used 17809K, committed 18432K, reserved 1048576K
}
Event: 2316.215 GC heap after
{Heap after GC invocations=74 (full 0):
 garbage-first heap   total 368640K, used 272494K [0x0000000080000000, 0x0000000100000000)
  region size 1024K, 6 young (6144K), 6 survivors (6144K)
 Metaspace       used 134859K, committed 136128K, reserved 1171456K
  class space    used 17809K, committed 18432K, reserved 1048576K
}
Event: 2316.668 GC heap before
{Heap before GC invocations=74 (full 0):
 garbage-first heap   total 368640K, used 314478K [0x0000000080000000, 0x0000000100000000)
  region size 1024K, 45 young (46080K), 6 survivors (6144K)
 Metaspace       used 134899K, committed 136256K, reserved 1171456K
  class space    used 17809K, committed 18432K, reserved 1048576K
}
Event: 2316.691 GC heap after
{Heap after GC invocations=75 (full 0):
 garbage-first heap   total 368640K, used 292705K [0x0000000080000000, 0x0000000100000000)
  region size 1024K, 6 young (6144K), 6 survivors (6144K)
 Metaspace       used 134899K, committed 136256K, reserved 1171456K
  class space    used 17809K, committed 18432K, reserved 1048576K
}
Event: 2316.854 GC heap before
{Heap before GC invocations=75 (full 0):
 garbage-first heap   total 368640K, used 310113K [0x0000000080000000, 0x0000000100000000)
  region size 1024K, 23 young (23552K), 6 survivors (6144K)
 Metaspace       used 134903K, committed 136256K, reserved 1171456K
  class space    used 17809K, committed 18432K, reserved 1048576K
}
Event: 2316.867 GC heap after
{Heap after GC invocations=76 (full 0):
 garbage-first heap   total 368640K, used 299008K [0x0000000080000000, 0x0000000100000000)
  region size 1024K, 3 young (3072K), 3 survivors (3072K)
 Metaspace       used 134903K, committed 136256K, reserved 1171456K
  class space    used 17809K, committed 18432K, reserved 1048576K
}
Event: 2316.918 GC heap before
{Heap before GC invocations=76 (full 0):
 garbage-first heap   total 368640K, used 311296K [0x0000000080000000, 0x0000000100000000)
  region size 1024K, 10 young (10240K), 3 survivors (3072K)
 Metaspace       used 134903K, committed 136256K, reserved 1171456K
  class space    used 17809K, committed 18432K, reserved 1048576K
}
Event: 2316.937 GC heap after
{Heap after GC invocations=77 (full 0):
 garbage-first heap   total 368640K, used 308118K [0x0000000080000000, 0x0000000100000000)
  region size 1024K, 3 young (3072K), 3 survivors (3072K)
 Metaspace       used 134903K, committed 136256K, reserved 1171456K
  class space    used 17809K, committed 18432K, reserved 1048576K
}
Event: 2316.948 GC heap before
{Heap before GC invocations=77 (full 0):
 garbage-first heap   total 368640K, used 316310K [0x0000000080000000, 0x0000000100000000)
  region size 1024K, 4 young (4096K), 3 survivors (3072K)
 Metaspace       used 134903K, committed 136256K, reserved 1171456K
  class space    used 17809K, committed 18432K, reserved 1048576K
}

